{"C:\\Users\\jslu2\\Documents\\GitHub\\petter-care\\backend\\src\\api\\controllers\\auth.controller.ts": {"path":"C:\\Users\\jslu2\\Documents\\GitHub\\petter-care\\backend\\src\\api\\controllers\\auth.controller.ts","statementMap":{"0":{"start":{"line":6,"column":20},"end":{"line":9,"column":1}},"1":{"start":{"line":7,"column":4},"end":{"line":7,"column":35}},"2":{"start":{"line":8,"column":4},"end":{"line":8,"column":70}},"3":{"start":{"line":11,"column":21},"end":{"line":24,"column":1}},"4":{"start":{"line":12,"column":35},"end":{"line":12,"column":43}},"5":{"start":{"line":13,"column":4},"end":{"line":23,"column":5}},"6":{"start":{"line":14,"column":21},"end":{"line":14,"column":57}},"7":{"start":{"line":15,"column":22},"end":{"line":15,"column":43}},"8":{"start":{"line":16,"column":8},"end":{"line":19,"column":10}},"9":{"start":{"line":21,"column":23},"end":{"line":21,"column":37}},"10":{"start":{"line":22,"column":8},"end":{"line":22,"column":64}},"11":{"start":{"line":26,"column":22},"end":{"line":36,"column":1}},"12":{"start":{"line":27,"column":35},"end":{"line":27,"column":43}},"13":{"start":{"line":29,"column":4},"end":{"line":35,"column":5}},"14":{"start":{"line":30,"column":21},"end":{"line":30,"column":58}},"15":{"start":{"line":31,"column":8},"end":{"line":31,"column":70}},"16":{"start":{"line":33,"column":23},"end":{"line":33,"column":37}},"17":{"start":{"line":34,"column":8},"end":{"line":34,"column":62}}},"fnMap":{"0":{"name":"(anonymous_0)","decl":{"start":{"line":6,"column":20},"end":{"line":6,"column":21}},"loc":{"start":{"line":6,"column":34},"end":{"line":9,"column":1}},"line":6},"1":{"name":"(anonymous_1)","decl":{"start":{"line":11,"column":21},"end":{"line":11,"column":22}},"loc":{"start":{"line":11,"column":60},"end":{"line":24,"column":1}},"line":11},"2":{"name":"(anonymous_2)","decl":{"start":{"line":26,"column":22},"end":{"line":26,"column":23}},"loc":{"start":{"line":26,"column":61},"end":{"line":36,"column":1}},"line":26}},"branchMap":{},"s":{"0":1,"1":1,"2":1,"3":1,"4":6,"5":6,"6":6,"7":1,"8":1,"9":5,"10":5,"11":1,"12":11,"13":11,"14":11,"15":1,"16":10,"17":10},"f":{"0":1,"1":6,"2":11},"b":{},"_coverageSchema":"1a1c01bbd47fc00a2c39e90264f33305004495a9","hash":"ccf91c1d05c3340dc18b6176c76c2a52e4031705"}
,"C:\\Users\\jslu2\\Documents\\GitHub\\petter-care\\backend\\src\\api\\controllers\\pet.controller.ts": {"path":"C:\\Users\\jslu2\\Documents\\GitHub\\petter-care\\backend\\src\\api\\controllers\\pet.controller.ts","statementMap":{"0":{"start":{"line":7,"column":25},"end":{"line":26,"column":1}},"1":{"start":{"line":8,"column":4},"end":{"line":25,"column":5}},"2":{"start":{"line":9,"column":48},"end":{"line":9,"column":56}},"3":{"start":{"line":10,"column":34},"end":{"line":10,"column":45}},"4":{"start":{"line":11,"column":8},"end":{"line":13,"column":9}},"5":{"start":{"line":12,"column":12},"end":{"line":12,"column":71}},"6":{"start":{"line":14,"column":22},"end":{"line":14,"column":49}},"7":{"start":{"line":15,"column":24},"end":{"line":15,"column":76}},"8":{"start":{"line":17,"column":20},"end":{"line":17,"column":71}},"9":{"start":{"line":18,"column":8},"end":{"line":20,"column":9}},"10":{"start":{"line":19,"column":12},"end":{"line":19,"column":75}},"11":{"start":{"line":21,"column":8},"end":{"line":21,"column":70}},"12":{"start":{"line":23,"column":23},"end":{"line":23,"column":33}},"13":{"start":{"line":24,"column":8},"end":{"line":24,"column":64}},"14":{"start":{"line":28,"column":27},"end":{"line":37,"column":1}},"15":{"start":{"line":29,"column":4},"end":{"line":36,"column":5}},"16":{"start":{"line":30,"column":23},"end":{"line":30,"column":33}},"17":{"start":{"line":31,"column":21},"end":{"line":31,"column":46}},"18":{"start":{"line":32,"column":8},"end":{"line":32,"column":71}},"19":{"start":{"line":34,"column":23},"end":{"line":34,"column":33}},"20":{"start":{"line":35,"column":8},"end":{"line":35,"column":64}},"21":{"start":{"line":39,"column":22},"end":{"line":51,"column":1}},"22":{"start":{"line":40,"column":4},"end":{"line":50,"column":5}},"23":{"start":{"line":41,"column":23},"end":{"line":41,"column":33}},"24":{"start":{"line":42,"column":8},"end":{"line":42,"column":35}},"25":{"start":{"line":43,"column":20},"end":{"line":43,"column":40}},"26":{"start":{"line":44,"column":8},"end":{"line":44,"column":29}},"27":{"start":{"line":45,"column":8},"end":{"line":45,"column":70}},"28":{"start":{"line":47,"column":23},"end":{"line":47,"column":33}},"29":{"start":{"line":48,"column":8},"end":{"line":48,"column":31}},"30":{"start":{"line":49,"column":8},"end":{"line":49,"column":64}},"31":{"start":{"line":53,"column":32},"end":{"line":72,"column":1}},"32":{"start":{"line":54,"column":4},"end":{"line":71,"column":5}},"33":{"start":{"line":55,"column":60},"end":{"line":55,"column":68}},"34":{"start":{"line":56,"column":23},"end":{"line":56,"column":33}},"35":{"start":{"line":57,"column":20},"end":{"line":64,"column":9}},"36":{"start":{"line":65,"column":8},"end":{"line":67,"column":63}},"37":{"start":{"line":69,"column":23},"end":{"line":69,"column":33}},"38":{"start":{"line":70,"column":8},"end":{"line":70,"column":64}},"39":{"start":{"line":74,"column":33},"end":{"line":85,"column":1}},"40":{"start":{"line":75,"column":4},"end":{"line":84,"column":5}},"41":{"start":{"line":76,"column":23},"end":{"line":76,"column":33}},"42":{"start":{"line":77,"column":31},"end":{"line":77,"column":59}},"43":{"start":{"line":78,"column":8},"end":{"line":80,"column":63}},"44":{"start":{"line":82,"column":23},"end":{"line":82,"column":33}},"45":{"start":{"line":83,"column":8},"end":{"line":83,"column":64}},"46":{"start":{"line":87,"column":24},"end":{"line":97,"column":1}},"47":{"start":{"line":88,"column":4},"end":{"line":96,"column":5}},"48":{"start":{"line":89,"column":51},"end":{"line":89,"column":59}},"49":{"start":{"line":90,"column":23},"end":{"line":90,"column":33}},"50":{"start":{"line":91,"column":22},"end":{"line":91,"column":77}},"51":{"start":{"line":92,"column":8},"end":{"line":92,"column":72}},"52":{"start":{"line":94,"column":23},"end":{"line":94,"column":33}},"53":{"start":{"line":95,"column":8},"end":{"line":95,"column":64}},"54":{"start":{"line":99,"column":29},"end":{"line":136,"column":1}},"55":{"start":{"line":100,"column":4},"end":{"line":135,"column":5}},"56":{"start":{"line":101,"column":22},"end":{"line":101,"column":31}},"57":{"start":{"line":102,"column":48},"end":{"line":102,"column":56}},"58":{"start":{"line":103,"column":34},"end":{"line":103,"column":45}},"59":{"start":{"line":104,"column":8},"end":{"line":106,"column":9}},"60":{"start":{"line":105,"column":12},"end":{"line":105,"column":71}},"61":{"start":{"line":107,"column":22},"end":{"line":107,"column":49}},"62":{"start":{"line":108,"column":24},"end":{"line":108,"column":76}},"63":{"start":{"line":110,"column":8},"end":{"line":112,"column":9}},"64":{"start":{"line":111,"column":12},"end":{"line":111,"column":72}},"65":{"start":{"line":114,"column":20},"end":{"line":114,"column":45}},"66":{"start":{"line":115,"column":28},"end":{"line":115,"column":44}},"67":{"start":{"line":116,"column":20},"end":{"line":123,"column":9}},"68":{"start":{"line":124,"column":8},"end":{"line":130,"column":10}},"69":{"start":{"line":125,"column":12},"end":{"line":129,"column":13}},"70":{"start":{"line":126,"column":16},"end":{"line":126,"column":72}},"71":{"start":{"line":128,"column":16},"end":{"line":128,"column":54}},"72":{"start":{"line":131,"column":8},"end":{"line":131,"column":70}},"73":{"start":{"line":133,"column":23},"end":{"line":133,"column":33}},"74":{"start":{"line":134,"column":8},"end":{"line":134,"column":64}}},"fnMap":{"0":{"name":"(anonymous_0)","decl":{"start":{"line":7,"column":25},"end":{"line":7,"column":26}},"loc":{"start":{"line":7,"column":64},"end":{"line":26,"column":1}},"line":7},"1":{"name":"(anonymous_1)","decl":{"start":{"line":28,"column":27},"end":{"line":28,"column":28}},"loc":{"start":{"line":28,"column":66},"end":{"line":37,"column":1}},"line":28},"2":{"name":"(anonymous_2)","decl":{"start":{"line":39,"column":22},"end":{"line":39,"column":23}},"loc":{"start":{"line":39,"column":61},"end":{"line":51,"column":1}},"line":39},"3":{"name":"(anonymous_3)","decl":{"start":{"line":53,"column":32},"end":{"line":53,"column":33}},"loc":{"start":{"line":53,"column":71},"end":{"line":72,"column":1}},"line":53},"4":{"name":"(anonymous_4)","decl":{"start":{"line":74,"column":33},"end":{"line":74,"column":34}},"loc":{"start":{"line":74,"column":72},"end":{"line":85,"column":1}},"line":74},"5":{"name":"(anonymous_5)","decl":{"start":{"line":87,"column":24},"end":{"line":87,"column":25}},"loc":{"start":{"line":87,"column":63},"end":{"line":97,"column":1}},"line":87},"6":{"name":"(anonymous_6)","decl":{"start":{"line":99,"column":29},"end":{"line":99,"column":30}},"loc":{"start":{"line":99,"column":68},"end":{"line":136,"column":1}},"line":99},"7":{"name":"(anonymous_7)","decl":{"start":{"line":124,"column":36},"end":{"line":124,"column":37}},"loc":{"start":{"line":124,"column":45},"end":{"line":130,"column":9}},"line":124}},"branchMap":{"0":{"loc":{"start":{"line":11,"column":8},"end":{"line":13,"column":9}},"type":"if","locations":[{"start":{"line":11,"column":8},"end":{"line":13,"column":9}},{"start":{},"end":{}}],"line":11},"1":{"loc":{"start":{"line":18,"column":8},"end":{"line":20,"column":9}},"type":"if","locations":[{"start":{"line":18,"column":8},"end":{"line":20,"column":9}},{"start":{},"end":{}}],"line":18},"2":{"loc":{"start":{"line":104,"column":8},"end":{"line":106,"column":9}},"type":"if","locations":[{"start":{"line":104,"column":8},"end":{"line":106,"column":9}},{"start":{},"end":{}}],"line":104},"3":{"loc":{"start":{"line":110,"column":8},"end":{"line":112,"column":9}},"type":"if","locations":[{"start":{"line":110,"column":8},"end":{"line":112,"column":9}},{"start":{},"end":{}}],"line":110},"4":{"loc":{"start":{"line":125,"column":12},"end":{"line":129,"column":13}},"type":"if","locations":[{"start":{"line":125,"column":12},"end":{"line":129,"column":13}},{"start":{"line":127,"column":19},"end":{"line":129,"column":13}}],"line":125}},"s":{"0":1,"1":0,"2":0,"3":0,"4":0,"5":0,"6":0,"7":0,"8":0,"9":0,"10":0,"11":0,"12":0,"13":0,"14":1,"15":0,"16":0,"17":0,"18":0,"19":0,"20":0,"21":1,"22":2,"23":2,"24":2,"25":2,"26":1,"27":1,"28":1,"29":1,"30":1,"31":1,"32":0,"33":0,"34":0,"35":0,"36":0,"37":0,"38":0,"39":1,"40":0,"41":0,"42":0,"43":0,"44":0,"45":0,"46":1,"47":0,"48":0,"49":0,"50":0,"51":0,"52":0,"53":0,"54":1,"55":3,"56":3,"57":3,"58":3,"59":3,"60":1,"61":2,"62":2,"63":2,"64":1,"65":1,"66":1,"67":1,"68":1,"69":0,"70":0,"71":0,"72":1,"73":0,"74":0},"f":{"0":0,"1":0,"2":2,"3":0,"4":0,"5":0,"6":3,"7":0},"b":{"0":[0,0],"1":[0,0],"2":[1,2],"3":[1,1],"4":[0,0]},"_coverageSchema":"1a1c01bbd47fc00a2c39e90264f33305004495a9","hash":"c8b723830e4332bd71bec93fd10b4385df26e70a"}
,"C:\\Users\\jslu2\\Documents\\GitHub\\petter-care\\backend\\src\\models\\pet.model.ts": {"path":"C:\\Users\\jslu2\\Documents\\GitHub\\petter-care\\backend\\src\\models\\pet.model.ts","statementMap":{"0":{"start":{"line":45,"column":25},"end":{"line":94,"column":2}},"1":{"start":{"line":96,"column":0},"end":{"line":143,"column":1}},"2":{"start":{"line":106,"column":8},"end":{"line":141,"column":9}},"3":{"start":{"line":107,"column":27},"end":{"line":110,"column":14}},"4":{"start":{"line":112,"column":24},"end":{"line":118,"column":14}},"5":{"start":{"line":119,"column":25},"end":{"line":119,"column":53}},"6":{"start":{"line":120,"column":12},"end":{"line":123,"column":13}},"7":{"start":{"line":121,"column":16},"end":{"line":121,"column":54}},"8":{"start":{"line":122,"column":16},"end":{"line":122,"column":22}},"9":{"start":{"line":125,"column":12},"end":{"line":128,"column":13}},"10":{"start":{"line":126,"column":16},"end":{"line":126,"column":52}},"11":{"start":{"line":127,"column":16},"end":{"line":127,"column":22}},"12":{"start":{"line":130,"column":12},"end":{"line":133,"column":13}},"13":{"start":{"line":131,"column":16},"end":{"line":131,"column":67}},"14":{"start":{"line":132,"column":16},"end":{"line":132,"column":22}},"15":{"start":{"line":134,"column":12},"end":{"line":134,"column":35}},"16":{"start":{"line":136,"column":12},"end":{"line":136,"column":23}},"17":{"start":{"line":137,"column":12},"end":{"line":137,"column":22}},"18":{"start":{"line":139,"column":27},"end":{"line":139,"column":41}},"19":{"start":{"line":140,"column":12},"end":{"line":140,"column":39}},"20":{"start":{"line":145,"column":0},"end":{"line":189,"column":1}},"21":{"start":{"line":155,"column":8},"end":{"line":187,"column":9}},"22":{"start":{"line":156,"column":25},"end":{"line":156,"column":53}},"23":{"start":{"line":157,"column":12},"end":{"line":160,"column":13}},"24":{"start":{"line":158,"column":16},"end":{"line":158,"column":54}},"25":{"start":{"line":159,"column":16},"end":{"line":159,"column":22}},"26":{"start":{"line":162,"column":24},"end":{"line":168,"column":14}},"27":{"start":{"line":170,"column":12},"end":{"line":173,"column":13}},"28":{"start":{"line":171,"column":16},"end":{"line":171,"column":52}},"29":{"start":{"line":172,"column":16},"end":{"line":172,"column":22}},"30":{"start":{"line":175,"column":12},"end":{"line":178,"column":13}},"31":{"start":{"line":176,"column":16},"end":{"line":176,"column":67}},"32":{"start":{"line":177,"column":16},"end":{"line":177,"column":22}},"33":{"start":{"line":180,"column":12},"end":{"line":180,"column":35}},"34":{"start":{"line":181,"column":12},"end":{"line":181,"column":23}},"35":{"start":{"line":183,"column":12},"end":{"line":183,"column":22}},"36":{"start":{"line":185,"column":27},"end":{"line":185,"column":41}},"37":{"start":{"line":186,"column":12},"end":{"line":186,"column":39}},"38":{"start":{"line":191,"column":0},"end":{"line":209,"column":2}},"39":{"start":{"line":192,"column":4},"end":{"line":208,"column":5}},"40":{"start":{"line":193,"column":21},"end":{"line":193,"column":44}},"41":{"start":{"line":194,"column":8},"end":{"line":197,"column":9}},"42":{"start":{"line":195,"column":12},"end":{"line":195,"column":50}},"43":{"start":{"line":196,"column":12},"end":{"line":196,"column":18}},"44":{"start":{"line":198,"column":21},"end":{"line":202,"column":10}},"45":{"start":{"line":204,"column":8},"end":{"line":204,"column":19}},"46":{"start":{"line":206,"column":23},"end":{"line":206,"column":33}},"47":{"start":{"line":207,"column":8},"end":{"line":207,"column":35}},"48":{"start":{"line":211,"column":0},"end":{"line":219,"column":2}},"49":{"start":{"line":212,"column":4},"end":{"line":218,"column":5}},"50":{"start":{"line":213,"column":20},"end":{"line":213,"column":43}},"51":{"start":{"line":214,"column":8},"end":{"line":214,"column":18}},"52":{"start":{"line":216,"column":23},"end":{"line":216,"column":33}},"53":{"start":{"line":217,"column":8},"end":{"line":217,"column":35}},"54":{"start":{"line":221,"column":0},"end":{"line":251,"column":1}},"55":{"start":{"line":231,"column":8},"end":{"line":249,"column":9}},"56":{"start":{"line":232,"column":24},"end":{"line":232,"column":51}},"57":{"start":{"line":233,"column":12},"end":{"line":235,"column":13}},"58":{"start":{"line":234,"column":16},"end":{"line":234,"column":54}},"59":{"start":{"line":237,"column":34},"end":{"line":242,"column":14}},"60":{"start":{"line":243,"column":12},"end":{"line":243,"column":22}},"61":{"start":{"line":245,"column":12},"end":{"line":245,"column":56}},"62":{"start":{"line":247,"column":27},"end":{"line":247,"column":37}},"63":{"start":{"line":248,"column":12},"end":{"line":248,"column":39}},"64":{"start":{"line":253,"column":0},"end":{"line":269,"column":1}},"65":{"start":{"line":256,"column":8},"end":{"line":267,"column":9}},"66":{"start":{"line":257,"column":24},"end":{"line":257,"column":51}},"67":{"start":{"line":258,"column":12},"end":{"line":260,"column":13}},"68":{"start":{"line":259,"column":16},"end":{"line":259,"column":54}},"69":{"start":{"line":261,"column":35},"end":{"line":261,"column":53}},"70":{"start":{"line":263,"column":12},"end":{"line":263,"column":33}},"71":{"start":{"line":265,"column":27},"end":{"line":265,"column":37}},"72":{"start":{"line":266,"column":12},"end":{"line":266,"column":39}},"73":{"start":{"line":271,"column":0},"end":{"line":293,"column":1}},"74":{"start":{"line":280,"column":8},"end":{"line":291,"column":9}},"75":{"start":{"line":281,"column":24},"end":{"line":281,"column":51}},"76":{"start":{"line":282,"column":12},"end":{"line":284,"column":13}},"77":{"start":{"line":283,"column":16},"end":{"line":283,"column":55}},"78":{"start":{"line":285,"column":26},"end":{"line":285,"column":80}},"79":{"start":{"line":286,"column":12},"end":{"line":286,"column":22}},"80":{"start":{"line":287,"column":12},"end":{"line":287,"column":43}},"81":{"start":{"line":289,"column":27},"end":{"line":289,"column":37}},"82":{"start":{"line":290,"column":12},"end":{"line":290,"column":39}},"83":{"start":{"line":295,"column":12},"end":{"line":295,"column":52}}},"fnMap":{"0":{"name":"addPetsWithPic","decl":{"start":{"line":98,"column":19},"end":{"line":98,"column":33}},"loc":{"start":{"line":105,"column":6},"end":{"line":142,"column":5}},"line":105},"1":{"name":"addPets","decl":{"start":{"line":147,"column":19},"end":{"line":147,"column":26}},"loc":{"start":{"line":154,"column":6},"end":{"line":188,"column":5}},"line":154},"2":{"name":"getUserPets","decl":{"start":{"line":191,"column":47},"end":{"line":191,"column":58}},"loc":{"start":{"line":191,"column":71},"end":{"line":209,"column":1}},"line":191},"3":{"name":"getPet","decl":{"start":{"line":211,"column":42},"end":{"line":211,"column":48}},"loc":{"start":{"line":211,"column":61},"end":{"line":219,"column":1}},"line":211},"4":{"name":"addMedications","decl":{"start":{"line":223,"column":19},"end":{"line":223,"column":33}},"loc":{"start":{"line":230,"column":6},"end":{"line":250,"column":5}},"line":230},"5":{"name":"getMedications","decl":{"start":{"line":255,"column":19},"end":{"line":255,"column":33}},"loc":{"start":{"line":255,"column":50},"end":{"line":268,"column":5}},"line":255},"6":{"name":"addVisits","decl":{"start":{"line":273,"column":19},"end":{"line":273,"column":28}},"loc":{"start":{"line":279,"column":6},"end":{"line":292,"column":5}},"line":279}},"branchMap":{"0":{"loc":{"start":{"line":120,"column":12},"end":{"line":123,"column":13}},"type":"if","locations":[{"start":{"line":120,"column":12},"end":{"line":123,"column":13}},{"start":{},"end":{}}],"line":120},"1":{"loc":{"start":{"line":125,"column":12},"end":{"line":128,"column":13}},"type":"if","locations":[{"start":{"line":125,"column":12},"end":{"line":128,"column":13}},{"start":{},"end":{}}],"line":125},"2":{"loc":{"start":{"line":130,"column":12},"end":{"line":133,"column":13}},"type":"if","locations":[{"start":{"line":130,"column":12},"end":{"line":133,"column":13}},{"start":{},"end":{}}],"line":130},"3":{"loc":{"start":{"line":157,"column":12},"end":{"line":160,"column":13}},"type":"if","locations":[{"start":{"line":157,"column":12},"end":{"line":160,"column":13}},{"start":{},"end":{}}],"line":157},"4":{"loc":{"start":{"line":170,"column":12},"end":{"line":173,"column":13}},"type":"if","locations":[{"start":{"line":170,"column":12},"end":{"line":173,"column":13}},{"start":{},"end":{}}],"line":170},"5":{"loc":{"start":{"line":175,"column":12},"end":{"line":178,"column":13}},"type":"if","locations":[{"start":{"line":175,"column":12},"end":{"line":178,"column":13}},{"start":{},"end":{}}],"line":175},"6":{"loc":{"start":{"line":194,"column":8},"end":{"line":197,"column":9}},"type":"if","locations":[{"start":{"line":194,"column":8},"end":{"line":197,"column":9}},{"start":{},"end":{}}],"line":194},"7":{"loc":{"start":{"line":233,"column":12},"end":{"line":235,"column":13}},"type":"if","locations":[{"start":{"line":233,"column":12},"end":{"line":235,"column":13}},{"start":{},"end":{}}],"line":233},"8":{"loc":{"start":{"line":258,"column":12},"end":{"line":260,"column":13}},"type":"if","locations":[{"start":{"line":258,"column":12},"end":{"line":260,"column":13}},{"start":{},"end":{}}],"line":258},"9":{"loc":{"start":{"line":282,"column":12},"end":{"line":284,"column":13}},"type":"if","locations":[{"start":{"line":282,"column":12},"end":{"line":284,"column":13}},{"start":{},"end":{}}],"line":282}},"s":{"0":1,"1":1,"2":0,"3":0,"4":0,"5":0,"6":0,"7":0,"8":0,"9":0,"10":0,"11":0,"12":0,"13":0,"14":0,"15":0,"16":0,"17":0,"18":0,"19":0,"20":1,"21":0,"22":0,"23":0,"24":0,"25":0,"26":0,"27":0,"28":0,"29":0,"30":0,"31":0,"32":0,"33":0,"34":0,"35":0,"36":0,"37":0,"38":1,"39":0,"40":0,"41":0,"42":0,"43":0,"44":0,"45":0,"46":0,"47":0,"48":1,"49":0,"50":0,"51":0,"52":0,"53":0,"54":1,"55":0,"56":0,"57":0,"58":0,"59":0,"60":0,"61":0,"62":0,"63":0,"64":1,"65":0,"66":0,"67":0,"68":0,"69":0,"70":0,"71":0,"72":0,"73":1,"74":0,"75":0,"76":0,"77":0,"78":0,"79":0,"80":0,"81":0,"82":0,"83":1},"f":{"0":0,"1":0,"2":0,"3":0,"4":0,"5":0,"6":0},"b":{"0":[0,0],"1":[0,0],"2":[0,0],"3":[0,0],"4":[0,0],"5":[0,0],"6":[0,0],"7":[0,0],"8":[0,0],"9":[0,0]},"_coverageSchema":"1a1c01bbd47fc00a2c39e90264f33305004495a9","hash":"2784a34867b465bf04f91123d8890df165182834"}
,"C:\\Users\\jslu2\\Documents\\GitHub\\petter-care\\backend\\src\\models\\user.model.ts": {"path":"C:\\Users\\jslu2\\Documents\\GitHub\\petter-care\\backend\\src\\models\\user.model.ts","statementMap":{"0":{"start":{"line":14,"column":26},"end":{"line":46,"column":1}},"1":{"start":{"line":50,"column":0},"end":{"line":60,"column":1}},"2":{"start":{"line":53,"column":21},"end":{"line":53,"column":45}},"3":{"start":{"line":54,"column":21},"end":{"line":54,"column":54}},"4":{"start":{"line":56,"column":21},"end":{"line":56,"column":68}},"5":{"start":{"line":58,"column":8},"end":{"line":58,"column":19}},"6":{"start":{"line":62,"column":0},"end":{"line":83,"column":1}},"7":{"start":{"line":65,"column":8},"end":{"line":67,"column":9}},"8":{"start":{"line":66,"column":12},"end":{"line":66,"column":51}},"9":{"start":{"line":69,"column":21},"end":{"line":69,"column":53}},"10":{"start":{"line":71,"column":8},"end":{"line":73,"column":9}},"11":{"start":{"line":72,"column":12},"end":{"line":72,"column":45}},"12":{"start":{"line":75,"column":22},"end":{"line":75,"column":67}},"13":{"start":{"line":77,"column":8},"end":{"line":79,"column":9}},"14":{"start":{"line":78,"column":12},"end":{"line":78,"column":42}},"15":{"start":{"line":81,"column":8},"end":{"line":81,"column":19}},"16":{"start":{"line":85,"column":0},"end":{"line":92,"column":2}},"17":{"start":{"line":86,"column":4},"end":{"line":91,"column":5}},"18":{"start":{"line":87,"column":21},"end":{"line":87,"column":65}},"19":{"start":{"line":88,"column":8},"end":{"line":88,"column":19}},"20":{"start":{"line":90,"column":8},"end":{"line":90,"column":47}},"21":{"start":{"line":94,"column":0},"end":{"line":101,"column":2}},"22":{"start":{"line":95,"column":4},"end":{"line":100,"column":5}},"23":{"start":{"line":96,"column":22},"end":{"line":96,"column":61}},"24":{"start":{"line":97,"column":8},"end":{"line":97,"column":20}},"25":{"start":{"line":99,"column":8},"end":{"line":99,"column":48}},"26":{"start":{"line":102,"column":0},"end":{"line":112,"column":1}},"27":{"start":{"line":105,"column":21},"end":{"line":105,"column":45}},"28":{"start":{"line":106,"column":21},"end":{"line":106,"column":54}},"29":{"start":{"line":108,"column":21},"end":{"line":108,"column":68}},"30":{"start":{"line":110,"column":8},"end":{"line":110,"column":19}},"31":{"start":{"line":114,"column":0},"end":{"line":135,"column":1}},"32":{"start":{"line":117,"column":8},"end":{"line":119,"column":9}},"33":{"start":{"line":118,"column":12},"end":{"line":118,"column":51}},"34":{"start":{"line":121,"column":21},"end":{"line":121,"column":53}},"35":{"start":{"line":123,"column":8},"end":{"line":125,"column":9}},"36":{"start":{"line":124,"column":12},"end":{"line":124,"column":45}},"37":{"start":{"line":127,"column":22},"end":{"line":127,"column":67}},"38":{"start":{"line":129,"column":8},"end":{"line":131,"column":9}},"39":{"start":{"line":130,"column":12},"end":{"line":130,"column":42}},"40":{"start":{"line":133,"column":8},"end":{"line":133,"column":19}},"41":{"start":{"line":137,"column":0},"end":{"line":144,"column":2}},"42":{"start":{"line":138,"column":4},"end":{"line":143,"column":5}},"43":{"start":{"line":139,"column":21},"end":{"line":139,"column":65}},"44":{"start":{"line":140,"column":8},"end":{"line":140,"column":19}},"45":{"start":{"line":142,"column":8},"end":{"line":142,"column":47}},"46":{"start":{"line":146,"column":0},"end":{"line":153,"column":2}},"47":{"start":{"line":147,"column":4},"end":{"line":152,"column":5}},"48":{"start":{"line":148,"column":22},"end":{"line":148,"column":61}},"49":{"start":{"line":149,"column":8},"end":{"line":149,"column":20}},"50":{"start":{"line":151,"column":8},"end":{"line":151,"column":48}},"51":{"start":{"line":154,"column":0},"end":{"line":164,"column":1}},"52":{"start":{"line":157,"column":21},"end":{"line":157,"column":45}},"53":{"start":{"line":158,"column":21},"end":{"line":158,"column":54}},"54":{"start":{"line":160,"column":21},"end":{"line":160,"column":68}},"55":{"start":{"line":162,"column":8},"end":{"line":162,"column":19}},"56":{"start":{"line":166,"column":0},"end":{"line":187,"column":1}},"57":{"start":{"line":169,"column":8},"end":{"line":171,"column":9}},"58":{"start":{"line":170,"column":12},"end":{"line":170,"column":51}},"59":{"start":{"line":173,"column":21},"end":{"line":173,"column":53}},"60":{"start":{"line":175,"column":8},"end":{"line":177,"column":9}},"61":{"start":{"line":176,"column":12},"end":{"line":176,"column":45}},"62":{"start":{"line":179,"column":22},"end":{"line":179,"column":67}},"63":{"start":{"line":181,"column":8},"end":{"line":183,"column":9}},"64":{"start":{"line":182,"column":12},"end":{"line":182,"column":42}},"65":{"start":{"line":185,"column":8},"end":{"line":185,"column":19}},"66":{"start":{"line":189,"column":0},"end":{"line":196,"column":2}},"67":{"start":{"line":190,"column":4},"end":{"line":195,"column":5}},"68":{"start":{"line":191,"column":21},"end":{"line":191,"column":65}},"69":{"start":{"line":192,"column":8},"end":{"line":192,"column":19}},"70":{"start":{"line":194,"column":8},"end":{"line":194,"column":47}},"71":{"start":{"line":198,"column":0},"end":{"line":205,"column":2}},"72":{"start":{"line":199,"column":4},"end":{"line":204,"column":5}},"73":{"start":{"line":200,"column":22},"end":{"line":200,"column":61}},"74":{"start":{"line":201,"column":8},"end":{"line":201,"column":20}},"75":{"start":{"line":203,"column":8},"end":{"line":203,"column":48}},"76":{"start":{"line":207,"column":13},"end":{"line":207,"column":56}}},"fnMap":{"0":{"name":"signup","decl":{"start":{"line":52,"column":19},"end":{"line":52,"column":25}},"loc":{"start":{"line":52,"column":62},"end":{"line":59,"column":5}},"line":52},"1":{"name":"login","decl":{"start":{"line":64,"column":19},"end":{"line":64,"column":24}},"loc":{"start":{"line":64,"column":61},"end":{"line":82,"column":5}},"line":64},"2":{"name":"getUser","decl":{"start":{"line":85,"column":44},"end":{"line":85,"column":51}},"loc":{"start":{"line":85,"column":65},"end":{"line":92,"column":1}},"line":85},"3":{"name":"getAllUsers","decl":{"start":{"line":94,"column":48},"end":{"line":94,"column":59}},"loc":{"start":{"line":94,"column":62},"end":{"line":101,"column":1}},"line":94},"4":{"name":"signup","decl":{"start":{"line":104,"column":19},"end":{"line":104,"column":25}},"loc":{"start":{"line":104,"column":62},"end":{"line":111,"column":5}},"line":104},"5":{"name":"login","decl":{"start":{"line":116,"column":19},"end":{"line":116,"column":24}},"loc":{"start":{"line":116,"column":61},"end":{"line":134,"column":5}},"line":116},"6":{"name":"getUser","decl":{"start":{"line":137,"column":44},"end":{"line":137,"column":51}},"loc":{"start":{"line":137,"column":65},"end":{"line":144,"column":1}},"line":137},"7":{"name":"getAllUsers","decl":{"start":{"line":146,"column":48},"end":{"line":146,"column":59}},"loc":{"start":{"line":146,"column":62},"end":{"line":153,"column":1}},"line":146},"8":{"name":"signup","decl":{"start":{"line":156,"column":19},"end":{"line":156,"column":25}},"loc":{"start":{"line":156,"column":62},"end":{"line":163,"column":5}},"line":156},"9":{"name":"login","decl":{"start":{"line":168,"column":19},"end":{"line":168,"column":24}},"loc":{"start":{"line":168,"column":61},"end":{"line":186,"column":5}},"line":168},"10":{"name":"getUser","decl":{"start":{"line":189,"column":44},"end":{"line":189,"column":51}},"loc":{"start":{"line":189,"column":65},"end":{"line":196,"column":1}},"line":189},"11":{"name":"getAllUsers","decl":{"start":{"line":198,"column":48},"end":{"line":198,"column":59}},"loc":{"start":{"line":198,"column":62},"end":{"line":205,"column":1}},"line":198}},"branchMap":{"0":{"loc":{"start":{"line":65,"column":8},"end":{"line":67,"column":9}},"type":"if","locations":[{"start":{"line":65,"column":8},"end":{"line":67,"column":9}},{"start":{},"end":{}}],"line":65},"1":{"loc":{"start":{"line":65,"column":12},"end":{"line":65,"column":34}},"type":"binary-expr","locations":[{"start":{"line":65,"column":12},"end":{"line":65,"column":21}},{"start":{"line":65,"column":25},"end":{"line":65,"column":34}}],"line":65},"2":{"loc":{"start":{"line":71,"column":8},"end":{"line":73,"column":9}},"type":"if","locations":[{"start":{"line":71,"column":8},"end":{"line":73,"column":9}},{"start":{},"end":{}}],"line":71},"3":{"loc":{"start":{"line":77,"column":8},"end":{"line":79,"column":9}},"type":"if","locations":[{"start":{"line":77,"column":8},"end":{"line":79,"column":9}},{"start":{},"end":{}}],"line":77},"4":{"loc":{"start":{"line":117,"column":8},"end":{"line":119,"column":9}},"type":"if","locations":[{"start":{"line":117,"column":8},"end":{"line":119,"column":9}},{"start":{},"end":{}}],"line":117},"5":{"loc":{"start":{"line":117,"column":12},"end":{"line":117,"column":34}},"type":"binary-expr","locations":[{"start":{"line":117,"column":12},"end":{"line":117,"column":21}},{"start":{"line":117,"column":25},"end":{"line":117,"column":34}}],"line":117},"6":{"loc":{"start":{"line":123,"column":8},"end":{"line":125,"column":9}},"type":"if","locations":[{"start":{"line":123,"column":8},"end":{"line":125,"column":9}},{"start":{},"end":{}}],"line":123},"7":{"loc":{"start":{"line":129,"column":8},"end":{"line":131,"column":9}},"type":"if","locations":[{"start":{"line":129,"column":8},"end":{"line":131,"column":9}},{"start":{},"end":{}}],"line":129},"8":{"loc":{"start":{"line":169,"column":8},"end":{"line":171,"column":9}},"type":"if","locations":[{"start":{"line":169,"column":8},"end":{"line":171,"column":9}},{"start":{},"end":{}}],"line":169},"9":{"loc":{"start":{"line":169,"column":12},"end":{"line":169,"column":34}},"type":"binary-expr","locations":[{"start":{"line":169,"column":12},"end":{"line":169,"column":21}},{"start":{"line":169,"column":25},"end":{"line":169,"column":34}}],"line":169},"10":{"loc":{"start":{"line":175,"column":8},"end":{"line":177,"column":9}},"type":"if","locations":[{"start":{"line":175,"column":8},"end":{"line":177,"column":9}},{"start":{},"end":{}}],"line":175},"11":{"loc":{"start":{"line":181,"column":8},"end":{"line":183,"column":9}},"type":"if","locations":[{"start":{"line":181,"column":8},"end":{"line":183,"column":9}},{"start":{},"end":{}}],"line":181}},"s":{"0":2,"1":2,"2":0,"3":0,"4":0,"5":0,"6":2,"7":0,"8":0,"9":0,"10":0,"11":0,"12":0,"13":0,"14":0,"15":0,"16":2,"17":0,"18":0,"19":0,"20":0,"21":2,"22":0,"23":0,"24":0,"25":0,"26":2,"27":0,"28":0,"29":0,"30":0,"31":2,"32":0,"33":0,"34":0,"35":0,"36":0,"37":0,"38":0,"39":0,"40":0,"41":2,"42":0,"43":0,"44":0,"45":0,"46":2,"47":0,"48":0,"49":0,"50":0,"51":2,"52":1,"53":1,"54":1,"55":1,"56":2,"57":0,"58":0,"59":0,"60":0,"61":0,"62":0,"63":0,"64":0,"65":0,"66":2,"67":0,"68":0,"69":0,"70":0,"71":2,"72":0,"73":0,"74":0,"75":0,"76":2},"f":{"0":0,"1":0,"2":0,"3":0,"4":0,"5":0,"6":0,"7":0,"8":1,"9":0,"10":0,"11":0},"b":{"0":[0,0],"1":[0,0],"2":[0,0],"3":[0,0],"4":[0,0],"5":[0,0],"6":[0,0],"7":[0,0],"8":[0,0],"9":[0,0],"10":[0,0],"11":[0,0]},"_coverageSchema":"1a1c01bbd47fc00a2c39e90264f33305004495a9","hash":"3f4d69995636cb63cdedde685f9d6483c77d0342"}
,"C:\\Users\\jslu2\\Documents\\GitHub\\petter-care\\backend\\src\\utils\\cloudinary.ts": {"path":"C:\\Users\\jslu2\\Documents\\GitHub\\petter-care\\backend\\src\\utils\\cloudinary.ts","statementMap":{"0":{"start":{"line":3,"column":0},"end":{"line":3,"column":15}},"1":{"start":{"line":5,"column":0},"end":{"line":9,"column":2}}},"fnMap":{},"branchMap":{},"s":{"0":1,"1":1},"f":{},"b":{},"_coverageSchema":"1a1c01bbd47fc00a2c39e90264f33305004495a9","hash":"976a1c0891f4149b9856647ae890641ffa2e4253"}
}
