TN:
SF:backend\src\api\controllers\auth.controller.ts
FN:6,(anonymous_0)
FN:11,(anonymous_1)
FN:26,(anonymous_2)
FNF:3
FNH:3
FNDA:1,(anonymous_0)
FNDA:6,(anonymous_1)
FNDA:11,(anonymous_2)
DA:6,1
DA:7,1
DA:8,1
DA:11,1
DA:12,6
DA:13,6
DA:14,6
DA:15,1
DA:16,1
DA:21,5
DA:22,5
DA:26,1
DA:27,11
DA:29,11
DA:30,11
DA:31,1
DA:33,10
DA:34,10
LF:18
LH:18
BRF:0
BRH:0
end_of_record
TN:
SF:backend\src\api\controllers\pet.controller.ts
FN:7,(anonymous_0)
FN:28,(anonymous_1)
FN:39,(anonymous_2)
FN:53,(anonymous_3)
FN:74,(anonymous_4)
FN:87,(anonymous_5)
FN:99,(anonymous_6)
FN:124,(anonymous_7)
FNF:8
FNH:2
FNDA:0,(anonymous_0)
FNDA:0,(anonymous_1)
FNDA:2,(anonymous_2)
FNDA:0,(anonymous_3)
FNDA:0,(anonymous_4)
FNDA:0,(anonymous_5)
FNDA:3,(anonymous_6)
FNDA:0,(anonymous_7)
DA:7,1
DA:8,0
DA:9,0
DA:10,0
DA:11,0
DA:12,0
DA:14,0
DA:15,0
DA:17,0
DA:18,0
DA:19,0
DA:21,0
DA:23,0
DA:24,0
DA:28,1
DA:29,0
DA:30,0
DA:31,0
DA:32,0
DA:34,0
DA:35,0
DA:39,1
DA:40,2
DA:41,2
DA:42,2
DA:43,2
DA:44,1
DA:45,1
DA:47,1
DA:48,1
DA:49,1
DA:53,1
DA:54,0
DA:55,0
DA:56,0
DA:57,0
DA:65,0
DA:69,0
DA:70,0
DA:74,1
DA:75,0
DA:76,0
DA:77,0
DA:78,0
DA:82,0
DA:83,0
DA:87,1
DA:88,0
DA:89,0
DA:90,0
DA:91,0
DA:92,0
DA:94,0
DA:95,0
DA:99,1
DA:100,3
DA:101,3
DA:102,3
DA:103,3
DA:104,3
DA:105,1
DA:107,2
DA:108,2
DA:110,2
DA:111,1
DA:114,1
DA:115,1
DA:116,1
DA:124,1
DA:125,0
DA:126,0
DA:128,0
DA:131,1
DA:133,0
DA:134,0
LF:75
LH:31
BRDA:11,0,0,0
BRDA:11,0,1,0
BRDA:18,1,0,0
BRDA:18,1,1,0
BRDA:104,2,0,1
BRDA:104,2,1,2
BRDA:110,3,0,1
BRDA:110,3,1,1
BRDA:125,4,0,0
BRDA:125,4,1,0
BRF:10
BRH:4
end_of_record
TN:
SF:backend\src\models\pet.model.ts
FN:98,addPetsWithPic
FN:147,addPets
FN:191,getUserPets
FN:211,getPet
FN:223,addMedications
FN:255,getMedications
FN:273,addVisits
FNF:7
FNH:0
FNDA:0,addPetsWithPic
FNDA:0,addPets
FNDA:0,getUserPets
FNDA:0,getPet
FNDA:0,addMedications
FNDA:0,getMedications
FNDA:0,addVisits
DA:45,1
DA:96,1
DA:106,0
DA:107,0
DA:112,0
DA:119,0
DA:120,0
DA:121,0
DA:122,0
DA:125,0
DA:126,0
DA:127,0
DA:130,0
DA:131,0
DA:132,0
DA:134,0
DA:136,0
DA:137,0
DA:139,0
DA:140,0
DA:145,1
DA:155,0
DA:156,0
DA:157,0
DA:158,0
DA:159,0
DA:162,0
DA:170,0
DA:171,0
DA:172,0
DA:175,0
DA:176,0
DA:177,0
DA:180,0
DA:181,0
DA:183,0
DA:185,0
DA:186,0
DA:191,1
DA:192,0
DA:193,0
DA:194,0
DA:195,0
DA:196,0
DA:198,0
DA:204,0
DA:206,0
DA:207,0
DA:211,1
DA:212,0
DA:213,0
DA:214,0
DA:216,0
DA:217,0
DA:221,1
DA:231,0
DA:232,0
DA:233,0
DA:234,0
DA:237,0
DA:243,0
DA:245,0
DA:247,0
DA:248,0
DA:253,1
DA:256,0
DA:257,0
DA:258,0
DA:259,0
DA:261,0
DA:263,0
DA:265,0
DA:266,0
DA:271,1
DA:280,0
DA:281,0
DA:282,0
DA:283,0
DA:285,0
DA:286,0
DA:287,0
DA:289,0
DA:290,0
DA:295,1
LF:84
LH:9
BRDA:120,0,0,0
BRDA:120,0,1,0
BRDA:125,1,0,0
BRDA:125,1,1,0
BRDA:130,2,0,0
BRDA:130,2,1,0
BRDA:157,3,0,0
BRDA:157,3,1,0
BRDA:170,4,0,0
BRDA:170,4,1,0
BRDA:175,5,0,0
BRDA:175,5,1,0
BRDA:194,6,0,0
BRDA:194,6,1,0
BRDA:233,7,0,0
BRDA:233,7,1,0
BRDA:258,8,0,0
BRDA:258,8,1,0
BRDA:282,9,0,0
BRDA:282,9,1,0
BRF:20
BRH:0
end_of_record
TN:
SF:backend\src\models\user.model.ts
FN:52,signup
FN:64,login
FN:85,getUser
FN:94,getAllUsers
FN:104,signup
FN:116,login
FN:137,getUser
FN:146,getAllUsers
FN:156,signup
FN:168,login
FN:189,getUser
FN:198,getAllUsers
FNF:12
FNH:1
FNDA:0,signup
FNDA:0,login
FNDA:0,getUser
FNDA:0,getAllUsers
FNDA:0,signup
FNDA:0,login
FNDA:0,getUser
FNDA:0,getAllUsers
FNDA:1,signup
FNDA:0,login
FNDA:0,getUser
FNDA:0,getAllUsers
DA:14,2
DA:50,2
DA:53,0
DA:54,0
DA:56,0
DA:58,0
DA:62,2
DA:65,0
DA:66,0
DA:69,0
DA:71,0
DA:72,0
DA:75,0
DA:77,0
DA:78,0
DA:81,0
DA:85,2
DA:86,0
DA:87,0
DA:88,0
DA:90,0
DA:94,2
DA:95,0
DA:96,0
DA:97,0
DA:99,0
DA:102,2
DA:105,0
DA:106,0
DA:108,0
DA:110,0
DA:114,2
DA:117,0
DA:118,0
DA:121,0
DA:123,0
DA:124,0
DA:127,0
DA:129,0
DA:130,0
DA:133,0
DA:137,2
DA:138,0
DA:139,0
DA:140,0
DA:142,0
DA:146,2
DA:147,0
DA:148,0
DA:149,0
DA:151,0
DA:154,2
DA:157,1
DA:158,1
DA:160,1
DA:162,1
DA:166,2
DA:169,0
DA:170,0
DA:173,0
DA:175,0
DA:176,0
DA:179,0
DA:181,0
DA:182,0
DA:185,0
DA:189,2
DA:190,0
DA:191,0
DA:192,0
DA:194,0
DA:198,2
DA:199,0
DA:200,0
DA:201,0
DA:203,0
DA:207,2
LF:77
LH:18
BRDA:65,0,0,0
BRDA:65,0,1,0
BRDA:65,1,0,0
BRDA:65,1,1,0
BRDA:71,2,0,0
BRDA:71,2,1,0
BRDA:77,3,0,0
BRDA:77,3,1,0
BRDA:117,4,0,0
BRDA:117,4,1,0
BRDA:117,5,0,0
BRDA:117,5,1,0
BRDA:123,6,0,0
BRDA:123,6,1,0
BRDA:129,7,0,0
BRDA:129,7,1,0
BRDA:169,8,0,0
BRDA:169,8,1,0
BRDA:169,9,0,0
BRDA:169,9,1,0
BRDA:175,10,0,0
BRDA:175,10,1,0
BRDA:181,11,0,0
BRDA:181,11,1,0
BRF:24
BRH:0
end_of_record
TN:
SF:backend\src\utils\cloudinary.ts
FNF:0
FNH:0
DA:3,1
DA:5,1
LF:2
LH:2
BRF:0
BRH:0
end_of_record
